<?xml version="1.0" encoding="UTF-8"?>
<testsuite name="org.freelec.book.springboot.web.PostsApiControllerTest" tests="2" skipped="0" failures="0" errors="0" timestamp="2022-04-21T10:58:40" hostname="KHCHEONG-G-BOOK" time="0.08">
  <properties/>
  <testcase name="Posts_등록된다" classname="org.freelec.book.springboot.web.PostsApiControllerTest" time="0.054"/>
  <testcase name="Posts_수정된다" classname="org.freelec.book.springboot.web.PostsApiControllerTest" time="0.026"/>
  <system-out><![CDATA[2022-04-21 19:58:40.394  INFO 5696 --- [    Test worker] .b.t.c.SpringBootTestContextBootstrapper : Neither @ContextConfiguration nor @ContextHierarchy found for test class [org.freelec.book.springboot.web.PostsApiControllerTest], using SpringBootContextLoader
2022-04-21 19:58:40.395  INFO 5696 --- [    Test worker] o.s.t.c.support.AbstractContextLoader    : Could not detect default resource locations for test class [org.freelec.book.springboot.web.PostsApiControllerTest]: no resource found for suffixes {-context.xml, Context.groovy}.
2022-04-21 19:58:40.395  INFO 5696 --- [    Test worker] t.c.s.AnnotationConfigContextLoaderUtils : Could not detect default configuration classes for test class [org.freelec.book.springboot.web.PostsApiControllerTest]: PostsApiControllerTest does not declare any static, non-private, non-final, nested classes annotated with @Configuration.
2022-04-21 19:58:40.397  INFO 5696 --- [    Test worker] .b.t.c.SpringBootTestContextBootstrapper : Found @SpringBootConfiguration org.freelec.book.springboot.Application for test class org.freelec.book.springboot.web.PostsApiControllerTest
2022-04-21 19:58:40.398  INFO 5696 --- [    Test worker] .b.t.c.SpringBootTestContextBootstrapper : Loaded default TestExecutionListener class names from location [META-INF/spring.factories]: [org.springframework.security.test.context.support.WithSecurityContextTestExecutionListener, org.springframework.security.test.context.support.ReactorContextTestExecutionListener, org.springframework.boot.test.autoconfigure.restdocs.RestDocsTestExecutionListener, org.springframework.boot.test.autoconfigure.web.client.MockRestServiceServerResetTestExecutionListener, org.springframework.boot.test.autoconfigure.web.servlet.MockMvcPrintOnlyOnFailureTestExecutionListener, org.springframework.boot.test.autoconfigure.web.servlet.WebDriverTestExecutionListener, org.springframework.boot.test.autoconfigure.webservices.client.MockWebServiceServerTestExecutionListener, org.springframework.boot.test.mock.mockito.MockitoTestExecutionListener, org.springframework.boot.test.mock.mockito.ResetMocksTestExecutionListener, org.springframework.test.context.web.ServletTestExecutionListener, org.springframework.test.context.support.DirtiesContextBeforeModesTestExecutionListener, org.springframework.test.context.event.ApplicationEventsTestExecutionListener, org.springframework.test.context.support.DependencyInjectionTestExecutionListener, org.springframework.test.context.support.DirtiesContextTestExecutionListener, org.springframework.test.context.transaction.TransactionalTestExecutionListener, org.springframework.test.context.jdbc.SqlScriptsTestExecutionListener, org.springframework.test.context.event.EventPublishingTestExecutionListener]
2022-04-21 19:58:40.398  INFO 5696 --- [    Test worker] .b.t.c.SpringBootTestContextBootstrapper : Using TestExecutionListeners: [org.springframework.test.context.web.ServletTestExecutionListener@301f2d0b, org.springframework.test.context.support.DirtiesContextBeforeModesTestExecutionListener@672fe00, org.springframework.test.context.event.ApplicationEventsTestExecutionListener@75c348fe, org.springframework.boot.test.mock.mockito.MockitoTestExecutionListener@7eb21bea, org.springframework.boot.test.autoconfigure.SpringBootDependencyInjectionTestExecutionListener@378c0642, org.springframework.test.context.support.DirtiesContextTestExecutionListener@269f6c4d, org.springframework.test.context.transaction.TransactionalTestExecutionListener@49f454d8, org.springframework.test.context.jdbc.SqlScriptsTestExecutionListener@27f76b47, org.springframework.security.test.context.support.WithSecurityContextTestExecutionListener@709ed7ed, org.springframework.test.context.event.EventPublishingTestExecutionListener@2dbe20b7, org.springframework.security.test.context.support.ReactorContextTestExecutionListener@4687f34c, org.springframework.boot.test.autoconfigure.restdocs.RestDocsTestExecutionListener@5a361588, org.springframework.boot.test.autoconfigure.web.client.MockRestServiceServerResetTestExecutionListener@5c91909c, org.springframework.boot.test.autoconfigure.web.servlet.MockMvcPrintOnlyOnFailureTestExecutionListener@76b821, org.springframework.boot.test.autoconfigure.web.servlet.WebDriverTestExecutionListener@799236f0, org.springframework.boot.test.autoconfigure.webservices.client.MockWebServiceServerTestExecutionListener@1362e61f, org.springframework.boot.test.mock.mockito.ResetMocksTestExecutionListener@43a7919f]
2022-04-21 19:58:40.404  INFO 5696 --- [    Test worker] o.a.c.c.C.[Tomcat].[localhost].[/]       : Initializing Spring TestDispatcherServlet ''
2022-04-21 19:58:40.405  INFO 5696 --- [    Test worker] o.s.t.web.servlet.TestDispatcherServlet  : Initializing Servlet ''
2022-04-21 19:58:40.406  INFO 5696 --- [    Test worker] o.s.t.web.servlet.TestDispatcherServlet  : Completed initialization in 1 ms
Hibernate: insert into posts (created_date, modified_date, author, content, title) values (?, ?, ?, ?, ?)
Hibernate: select posts0_.id as id1_0_, posts0_.created_date as created_2_0_, posts0_.modified_date as modified3_0_, posts0_.author as author4_0_, posts0_.content as content5_0_, posts0_.title as title6_0_ from posts posts0_
Hibernate: select posts0_.id as id1_0_, posts0_.created_date as created_2_0_, posts0_.modified_date as modified3_0_, posts0_.author as author4_0_, posts0_.content as content5_0_, posts0_.title as title6_0_ from posts posts0_
Hibernate: delete from posts where id=?
2022-04-21 19:58:40.457  INFO 5696 --- [    Test worker] o.a.c.c.C.[Tomcat].[localhost].[/]       : Initializing Spring TestDispatcherServlet ''
2022-04-21 19:58:40.457  INFO 5696 --- [    Test worker] o.s.t.web.servlet.TestDispatcherServlet  : Initializing Servlet ''
2022-04-21 19:58:40.457  INFO 5696 --- [    Test worker] o.s.t.web.servlet.TestDispatcherServlet  : Completed initialization in 0 ms
Hibernate: insert into posts (created_date, modified_date, author, content, title) values (?, ?, ?, ?, ?)
Hibernate: select posts0_.id as id1_0_0_, posts0_.created_date as created_2_0_0_, posts0_.modified_date as modified3_0_0_, posts0_.author as author4_0_0_, posts0_.content as content5_0_0_, posts0_.title as title6_0_0_ from posts posts0_ where posts0_.id=?
Hibernate: update posts set created_date=?, modified_date=?, author=?, content=?, title=? where id=?
Hibernate: select posts0_.id as id1_0_, posts0_.created_date as created_2_0_, posts0_.modified_date as modified3_0_, posts0_.author as author4_0_, posts0_.content as content5_0_, posts0_.title as title6_0_ from posts posts0_
Hibernate: select posts0_.id as id1_0_, posts0_.created_date as created_2_0_, posts0_.modified_date as modified3_0_, posts0_.author as author4_0_, posts0_.content as content5_0_, posts0_.title as title6_0_ from posts posts0_
Hibernate: delete from posts where id=?
]]></system-out>
  <system-err><![CDATA[]]></system-err>
</testsuite>
