<?xml version="1.0" encoding="UTF-8"?>
<testsuite name="org.freelec.book.springboot.web.HelloControllerTest" tests="2" skipped="0" failures="0" errors="0" timestamp="2022-04-21T10:58:38" hostname="KHCHEONG-G-BOOK" time="0.15">
  <properties/>
  <testcase name="hello가_리턴된다" classname="org.freelec.book.springboot.web.HelloControllerTest" time="0.06"/>
  <testcase name="helloDto가_리턴된다" classname="org.freelec.book.springboot.web.HelloControllerTest" time="0.09"/>
  <system-out><![CDATA[2022-04-21 19:58:38.193  INFO 5696 --- [    Test worker] .b.t.a.w.s.WebMvcTestContextBootstrapper : Neither @ContextConfiguration nor @ContextHierarchy found for test class [org.freelec.book.springboot.web.HelloControllerTest], using SpringBootContextLoader
2022-04-21 19:58:38.194  INFO 5696 --- [    Test worker] o.s.t.c.support.AbstractContextLoader    : Could not detect default resource locations for test class [org.freelec.book.springboot.web.HelloControllerTest]: no resource found for suffixes {-context.xml, Context.groovy}.
2022-04-21 19:58:38.194  INFO 5696 --- [    Test worker] t.c.s.AnnotationConfigContextLoaderUtils : Could not detect default configuration classes for test class [org.freelec.book.springboot.web.HelloControllerTest]: HelloControllerTest does not declare any static, non-private, non-final, nested classes annotated with @Configuration.
2022-04-21 19:58:38.213  INFO 5696 --- [    Test worker] .b.t.c.SpringBootTestContextBootstrapper : Found @SpringBootConfiguration org.freelec.book.springboot.Application for test class org.freelec.book.springboot.web.HelloControllerTest
2022-04-21 19:58:38.214  INFO 5696 --- [    Test worker] .b.t.a.w.s.WebMvcTestContextBootstrapper : Loaded default TestExecutionListener class names from location [META-INF/spring.factories]: [org.springframework.security.test.context.support.WithSecurityContextTestExecutionListener, org.springframework.security.test.context.support.ReactorContextTestExecutionListener, org.springframework.boot.test.autoconfigure.restdocs.RestDocsTestExecutionListener, org.springframework.boot.test.autoconfigure.web.client.MockRestServiceServerResetTestExecutionListener, org.springframework.boot.test.autoconfigure.web.servlet.MockMvcPrintOnlyOnFailureTestExecutionListener, org.springframework.boot.test.autoconfigure.web.servlet.WebDriverTestExecutionListener, org.springframework.boot.test.autoconfigure.webservices.client.MockWebServiceServerTestExecutionListener, org.springframework.boot.test.mock.mockito.MockitoTestExecutionListener, org.springframework.boot.test.mock.mockito.ResetMocksTestExecutionListener, org.springframework.test.context.web.ServletTestExecutionListener, org.springframework.test.context.support.DirtiesContextBeforeModesTestExecutionListener, org.springframework.test.context.event.ApplicationEventsTestExecutionListener, org.springframework.test.context.support.DependencyInjectionTestExecutionListener, org.springframework.test.context.support.DirtiesContextTestExecutionListener, org.springframework.test.context.transaction.TransactionalTestExecutionListener, org.springframework.test.context.jdbc.SqlScriptsTestExecutionListener, org.springframework.test.context.event.EventPublishingTestExecutionListener]
2022-04-21 19:58:38.215  INFO 5696 --- [    Test worker] .b.t.a.w.s.WebMvcTestContextBootstrapper : Using TestExecutionListeners: [org.springframework.test.context.web.ServletTestExecutionListener@14412276, org.springframework.test.context.support.DirtiesContextBeforeModesTestExecutionListener@5601e484, org.springframework.test.context.event.ApplicationEventsTestExecutionListener@63cff805, org.springframework.boot.test.mock.mockito.MockitoTestExecutionListener@eea01ef, org.springframework.boot.test.autoconfigure.SpringBootDependencyInjectionTestExecutionListener@13a5d0d6, org.springframework.test.context.support.DirtiesContextTestExecutionListener@4a5923e2, org.springframework.test.context.transaction.TransactionalTestExecutionListener@564af57c, org.springframework.test.context.jdbc.SqlScriptsTestExecutionListener@8716323, org.springframework.security.test.context.support.WithSecurityContextTestExecutionListener@35ef319b, org.springframework.test.context.event.EventPublishingTestExecutionListener@362a42f7, org.springframework.security.test.context.support.ReactorContextTestExecutionListener@37caa05b, org.springframework.boot.test.autoconfigure.restdocs.RestDocsTestExecutionListener@34a1a5fa, org.springframework.boot.test.autoconfigure.web.client.MockRestServiceServerResetTestExecutionListener@788e391c, org.springframework.boot.test.autoconfigure.web.servlet.MockMvcPrintOnlyOnFailureTestExecutionListener@1c57e100, org.springframework.boot.test.autoconfigure.web.servlet.WebDriverTestExecutionListener@7e7d52a9, org.springframework.boot.test.autoconfigure.webservices.client.MockWebServiceServerTestExecutionListener@474ab6e9, org.springframework.boot.test.mock.mockito.ResetMocksTestExecutionListener@4e8521c5]

  .   ____          _            __ _ _
 /\\ / ___'_ __ _ _(_)_ __  __ _ \ \ \ \
( ( )\___ | '_ | '_| | '_ \/ _` | \ \ \ \
 \\/  ___)| |_)| | | | | || (_| |  ) ) ) )
  '  |____| .__|_| |_|_| |_\__, | / / / /
 =========|_|==============|___/=/_/_/_/
 :: Spring Boot ::                (v2.6.4)

2022-04-21 19:58:38.237  INFO 5696 --- [    Test worker] o.f.b.s.web.HelloControllerTest          : Starting HelloControllerTest using Java 11.0.1 on khcheong-G-Book with PID 5696 (started by SEC in D:\Practices\SpringBoot\book-project)
2022-04-21 19:58:38.237  INFO 5696 --- [    Test worker] o.f.b.s.web.HelloControllerTest          : The following 1 profile is active: "oauth"
2022-04-21 19:58:38.507  INFO 5696 --- [    Test worker] o.s.b.a.w.s.WelcomePageHandlerMapping    : Adding welcome page template: index
2022-04-21 19:58:38.692  INFO 5696 --- [    Test worker] o.s.s.web.DefaultSecurityFilterChain     : Will not secure any request
2022-04-21 19:58:38.744  INFO 5696 --- [    Test worker] o.s.b.t.m.w.SpringBootMockServletContext : Initializing Spring TestDispatcherServlet ''
2022-04-21 19:58:38.744  INFO 5696 --- [    Test worker] o.s.t.web.servlet.TestDispatcherServlet  : Initializing Servlet ''
2022-04-21 19:58:38.745  INFO 5696 --- [    Test worker] o.s.t.web.servlet.TestDispatcherServlet  : Completed initialization in 1 ms
2022-04-21 19:58:38.753  INFO 5696 --- [    Test worker] o.f.b.s.web.HelloControllerTest          : Started HelloControllerTest in 0.535 seconds (JVM running for 6.847)
]]></system-out>
  <system-err><![CDATA[]]></system-err>
</testsuite>
